<?xml version="1.0" encoding="UTF-8"?>
<!-- Generated by org.testng.reporters.JUnitReportReporter -->
<testsuite skipped="0" hostname="EPINHYDW0238" name="TestRunner.TestRunner" tests="4" failures="0" timestamp="2019-12-27T18:15:13 IST" time="220.016" errors="0">
  <testcase name="feature" time="48.065" classname="TestRunner.TestRunner"/>
  <testcase name="feature" time="44.430" classname="TestRunner.TestRunner"/>
  <testcase name="feature" time="67.414" classname="TestRunner.TestRunner"/>
  <testcase name="feature" time="60.107" classname="TestRunner.TestRunner"/>
</testsuite> <!-- TestRunner.TestRunner -->
