<?xml version="1.0" encoding="UTF-8"?>
<!-- Generated by org.testng.reporters.JUnitReportReporter -->
<testsuite skipped="0" hostname="LAPTOP-Q732QR57" name="TestRunner.TestRunner" tests="2" failures="0" timestamp="2019-11-26T23:37:39 IST" time="156.983" errors="0">
  <testcase name="feature" time="78.568" classname="TestRunner.TestRunner"/>
  <testcase name="feature" time="78.415" classname="TestRunner.TestRunner"/>
</testsuite> <!-- TestRunner.TestRunner -->
