<?xml version="1.0" encoding="UTF-8"?>
<!-- Generated by org.testng.reporters.JUnitReportReporter -->
<testsuite hostname="LAPTOP-Q732QR57" failures="0" tests="4" name="com.epam.makeMytripTests.MakeMyTripFactory" time="265.814" errors="0" timestamp="2019-11-17T22:48:18 IST" skipped="0">
  <testcase classname="com.epam.makeMytripTests.MakeMyTripFactory" name="TestMakeMyTripNavBar" time="47.405"/>
  <testcase classname="com.epam.makeMytripTests.MakeMyTripFactory" name="checkBrokenLinksInFooter" time="119.467"/>
  <testcase classname="com.epam.makeMytripTests.MakeMyTripFactory" name="checckFlights" time="48.037"/>
  <testcase classname="com.epam.makeMytripTests.MakeMyTripFactory" name="checkOutHotels" time="50.905"/>
</testsuite> <!-- com.epam.makeMytripTests.MakeMyTripFactory -->
