<?xml version="1.0" encoding="UTF-8"?>
<!-- Generated by org.testng.reporters.JUnitReportReporter -->
<testsuite hostname="LAPTOP-Q732QR57" failures="0" tests="1" name="com.epam.makeMytripTestcasesPages.MakeMyTripFactory" time="45.152" errors="0" timestamp="2019-11-15T22:09:09 IST" skipped="0">
  <testcase classname="com.epam.makeMytripTestcasesPages.MakeMyTripFactory" name="TestflightNavBar" time="45.152"/>
</testsuite> <!-- com.epam.makeMytripTestcasesPages.MakeMyTripFactory -->
