<?xml version="1.0" encoding="UTF-8"?>
<!-- Generated by org.testng.reporters.JUnitReportReporter -->
<testsuite hostname="LAPTOP-Q732QR57" failures="0" tests="1" name="com.epam.seleniumHomeTask_2.MakeMyTripFactory" time="77.159" errors="0" timestamp="2019-11-15T00:35:37 IST" skipped="0">
  <testcase classname="com.epam.seleniumHomeTask_2.MakeMyTripFactory" name="checkBrokenLinks" time="77.159"/>
</testsuite> <!-- com.epam.seleniumHomeTask_2.MakeMyTripFactory -->
