<?xml version="1.0" encoding="UTF-8"?>
<!-- Generated by org.testng.reporters.JUnitReportReporter -->
<testsuite skipped="0" hostname="LAPTOP-Q732QR57" name="testcases.TC004_PutEmployee_Record" tests="1" failures="0" timestamp="2019-12-08T18:47:36 IST" time="1.281" errors="0">
  <testcase name="UpdateRecords" time="1.281" classname="testcases.TC004_PutEmployee_Record"/>
</testsuite> <!-- testcases.TC004_PutEmployee_Record -->
