<?xml version="1.0" encoding="UTF-8"?>
<!-- Generated by org.testng.reporters.JUnitReportReporter -->
<testsuite skipped="0" hostname="LAPTOP-Q732QR57" name="testcases.TC006_Delete_Emp_Record" tests="3" failures="0" timestamp="2019-12-08T18:47:36 IST" time="0.011" errors="0">
  <testcase name="CheckResponseTime" time="0.004" classname="testcases.TC006_Delete_Emp_Record"/>
  <testcase name="CheckResponseBody" time="0.004" classname="testcases.TC006_Delete_Emp_Record"/>
  <testcase name="CheckStatusCode" time="0.003" classname="testcases.TC006_Delete_Emp_Record"/>
</testsuite> <!-- testcases.TC006_Delete_Emp_Record -->
