<?xml version="1.0" encoding="UTF-8"?>
<!-- Generated by org.testng.reporters.JUnitReportReporter -->
<testsuite skipped="0" hostname="LAPTOP-Q732QR57" name="testcases.TC002_Get_Single_Employee_Data" tests="3" failures="0" timestamp="2019-12-08T18:47:36 IST" time="0.019" errors="0">
  <testcase name="CheckResponseTime" time="0.003" classname="testcases.TC002_Get_Single_Employee_Data"/>
  <testcase name="CheckResponseBody" time="0.014" classname="testcases.TC002_Get_Single_Employee_Data"/>
  <testcase name="CheckStatusCode" time="0.002" classname="testcases.TC002_Get_Single_Employee_Data"/>
</testsuite> <!-- testcases.TC002_Get_Single_Employee_Data -->
