<?xml version="1.0" encoding="UTF-8"?>
<!-- Generated by org.testng.reporters.JUnitReportReporter -->
<testsuite skipped="0" hostname="LAPTOP-Q732QR57" name="testcases.TC005_Auth" tests="1" failures="0" timestamp="2019-12-08T18:47:36 IST" time="2.714" errors="0">
  <testcase name="get" time="2.714" classname="testcases.TC005_Auth"/>
</testsuite> <!-- testcases.TC005_Auth -->
