<?xml version="1.0" encoding="UTF-8"?>
<!-- Generated by org.testng.reporters.JUnitReportReporter -->
<testsuite skipped="0" hostname="LAPTOP-Q732QR57" name="testcases.TC003_GET_Header" tests="1" failures="0" timestamp="2019-12-08T18:47:36 IST" time="1.176" errors="0">
  <testcase name="get" time="1.176" classname="testcases.TC003_GET_Header"/>
</testsuite> <!-- testcases.TC003_GET_Header -->
