<?xml version="1.0" encoding="UTF-8"?>
<!-- Generated by org.testng.reporters.JUnitReportReporter -->
<testsuite skipped="0" hostname="LAPTOP-Q732QR57" name="testcases.TC003_Post_Employee_Record" tests="5" failures="0" timestamp="2019-12-08T18:47:36 IST" time="5.058" errors="0">
  <testcase name="postEmployee" time="1.227" classname="testcases.TC003_Post_Employee_Record"/>
  <testcase name="postEmployee" time="0.965" classname="testcases.TC003_Post_Employee_Record"/>
  <testcase name="postEmployee" time="1.023" classname="testcases.TC003_Post_Employee_Record"/>
  <testcase name="postEmployee" time="0.941" classname="testcases.TC003_Post_Employee_Record"/>
  <testcase name="postEmployee" time="0.902" classname="testcases.TC003_Post_Employee_Record"/>
</testsuite> <!-- testcases.TC003_Post_Employee_Record -->
