<?xml version="1.0" encoding="UTF-8"?>
<!-- Generated by org.testng.reporters.JUnitReportReporter -->
<testsuite skipped="0" hostname="LAPTOP-Q732QR57" name="rdportaltest.UpdateTest" tests="3" failures="0" timestamp="2019-12-29T17:34:24 IST" time="1.613" errors="0">
  <testcase name="updateTest" time="0.202" classname="rdportaltest.UpdateTest"/>
  <testcase name="updateTest" time="1.219" classname="rdportaltest.UpdateTest"/>
  <testcase name="updateTest" time="0.192" classname="rdportaltest.UpdateTest"/>
</testsuite> <!-- rdportaltest.UpdateTest -->
