<?xml version="1.0" encoding="UTF-8"?>
<!-- Generated by org.testng.reporters.JUnitReportReporter -->
<testsuite skipped="0" hostname="LAPTOP-Q732QR57" name="rdportaltest.InsertTest" tests="6" failures="0" timestamp="2019-12-29T13:01:41 IST" time="2.163" errors="0">
  <testcase name="storeSeatInfo" time="0.162" classname="rdportaltest.InsertTest"/>
  <testcase name="storeSeatInfo" time="0.256" classname="rdportaltest.InsertTest"/>
  <testcase name="storeSeatInfo" time="0.163" classname="rdportaltest.InsertTest"/>
  <testcase name="storeSeatInfo" time="0.971" classname="rdportaltest.InsertTest"/>
  <testcase name="storeSeatInfo" time="0.379" classname="rdportaltest.InsertTest"/>
  <testcase name="storeSeatInfo" time="0.232" classname="rdportaltest.InsertTest"/>
</testsuite> <!-- rdportaltest.InsertTest -->
