<?xml version="1.0" encoding="UTF-8"?>
<!-- Generated by org.testng.reporters.JUnitReportReporter -->
<testsuite skipped="0" hostname="LAPTOP-Q732QR57" name="rdportaltest.TestRunner" tests="1" failures="0" timestamp="2019-12-29T19:07:32 IST" time="0.965" errors="0">
  <testcase name="registerEmpDataTest" time="0.965" classname="rdportaltest.TestRunner"/>
</testsuite> <!-- rdportaltest.TestRunner -->
