<?xml version="1.0" encoding="UTF-8"?>
<!-- Generated by org.testng.reporters.JUnitReportReporter -->
<testsuite skipped="0" hostname="LAPTOP-Q732QR57" name="rdportaltest.InsertTest" tests="3" failures="0" timestamp="2019-12-29T17:57:21 IST" time="0.780" errors="0">
  <testcase name="updateTest" time="0.027" classname="rdportaltest.InsertTest"/>
  <testcase name="updateTest" time="0.728" classname="rdportaltest.InsertTest"/>
  <testcase name="updateTest" time="0.025" classname="rdportaltest.InsertTest"/>
</testsuite> <!-- rdportaltest.InsertTest -->
