<?xml version="1.0" encoding="UTF-8"?>
<!-- Generated by org.testng.reporters.JUnitReportReporter -->
<testsuite skipped="0" hostname="EPINHYDW0238" name="TestRunner.TestRunner" tests="1" failures="0" timestamp="2019-12-27T18:19:42 IST" time="59.870" errors="0">
  <testcase name="feature" time="59.870" classname="TestRunner.TestRunner"/>
</testsuite> <!-- TestRunner.TestRunner -->
