<?xml version="1.0" encoding="UTF-8"?>
<!-- Generated by org.testng.reporters.JUnitReportReporter -->
<testsuite skipped="0" hostname="EPINHYDW0238" name="testcases.TC001_Get_All_Employees" tests="3" failures="0" timestamp="2019-12-11T11:06:34 IST" time="0.075" errors="0">
  <testcase name="CheckStatusCode" time="0.004" classname="testcases.TC001_Get_All_Employees"/>
  <testcase name="CheckResponseBody" time="0.065" classname="testcases.TC001_Get_All_Employees"/>
  <testcase name="CheckResponseTime" time="0.006" classname="testcases.TC001_Get_All_Employees"/>
</testsuite> <!-- testcases.TC001_Get_All_Employees -->
