<?xml version="1.0" encoding="UTF-8"?>
<!-- Generated by org.testng.reporters.JUnitReportReporter -->
<testsuite skipped="0" hostname="EPINHYDW0238" name="movieRestServices.TC003_GetAll_Theaters" tests="3" failures="0" timestamp="2019-12-13T19:44:06 IST" time="0.000" errors="0">
  <testcase name="CheckResponseTime" time="0.000" classname="movieRestServices.TC003_GetAll_Theaters"/>
  <testcase name="CheckStatusCode" time="0.000" classname="movieRestServices.TC003_GetAll_Theaters"/>
  <testcase name="CheckResponseBody" time="0.000" classname="movieRestServices.TC003_GetAll_Theaters"/>
</testsuite> <!-- movieRestServices.TC003_GetAll_Theaters -->
