<?xml version="1.0" encoding="UTF-8"?>
<!-- Generated by org.testng.reporters.JUnitReportReporter -->
<testsuite skipped="0" hostname="EPINHYDW0238" name="testRunner.TestRunner" tests="1" failures="0" timestamp="2019-12-13T20:10:11 IST" time="71.875" errors="0">
  <testcase name="feature" time="71.875" classname="testRunner.TestRunner"/>
</testsuite> <!-- testRunner.TestRunner -->
