<?xml version="1.0" encoding="UTF-8"?>
<testsuite xmlns:xsi="http://www.w3.org/2001/XMLSchema-instance" xsi:noNamespaceSchemaLocation="https://maven.apache.org/surefire/maven-surefire-plugin/xsd/surefire-test-report.xsd" name="TestSuite" time="11.286" tests="22" errors="0" skipped="3" failures="1">
  <properties>
    <property name="sun.desktop" value="windows"/>
    <property name="awt.toolkit" value="sun.awt.windows.WToolkit"/>
    <property name="java.specification.version" value="11"/>
    <property name="sun.cpu.isalist" value="amd64"/>
    <property name="sun.jnu.encoding" value="Cp1252"/>
    <property name="java.class.path" value="C:\Users\NEELA\OneDrive\Desktop\HOMETASKS\movieBookingTesting\target\test-classes;C:\Users\NEELA\OneDrive\Desktop\HOMETASKS\movieBookingTesting\target\classes;C:\Users\NEELA\.m2\repository\io\rest-assured\rest-assured\4.1.1\rest-assured-4.1.1.jar;C:\Users\NEELA\.m2\repository\org\codehaus\groovy\groovy\2.5.6\groovy-2.5.6.jar;C:\Users\NEELA\.m2\repository\org\codehaus\groovy\groovy-xml\2.5.6\groovy-xml-2.5.6.jar;C:\Users\NEELA\.m2\repository\org\apache\httpcomponents\httpclient\4.5.3\httpclient-4.5.3.jar;C:\Users\NEELA\.m2\repository\org\apache\httpcomponents\httpcore\4.4.6\httpcore-4.4.6.jar;C:\Users\NEELA\.m2\repository\commons-logging\commons-logging\1.2\commons-logging-1.2.jar;C:\Users\NEELA\.m2\repository\org\apache\httpcomponents\httpmime\4.5.3\httpmime-4.5.3.jar;C:\Users\NEELA\.m2\repository\org\hamcrest\hamcrest\2.1\hamcrest-2.1.jar;C:\Users\NEELA\.m2\repository\org\ccil\cowan\tagsoup\tagsoup\1.2.1\tagsoup-1.2.1.jar;C:\Users\NEELA\.m2\repository\io\rest-assured\json-path\4.1.1\json-path-4.1.1.jar;C:\Users\NEELA\.m2\repository\org\codehaus\groovy\groovy-json\2.5.6\groovy-json-2.5.6.jar;C:\Users\NEELA\.m2\repository\io\rest-assured\rest-assured-common\4.1.1\rest-assured-common-4.1.1.jar;C:\Users\NEELA\.m2\repository\io\rest-assured\xml-path\4.1.1\xml-path-4.1.1.jar;C:\Users\NEELA\.m2\repository\javax\xml\bind\jaxb-api\2.3.1\jaxb-api-2.3.1.jar;C:\Users\NEELA\.m2\repository\javax\activation\javax.activation-api\1.2.0\javax.activation-api-1.2.0.jar;C:\Users\NEELA\.m2\repository\com\sun\xml\bind\jaxb-osgi\2.3.0.1\jaxb-osgi-2.3.0.1.jar;C:\Users\NEELA\.m2\repository\org\apache\sling\org.apache.sling.javax.activation\0.1.0\org.apache.sling.javax.activation-0.1.0.jar;C:\Users\NEELA\.m2\repository\javax\activation\activation\1.1.1\activation-1.1.1.jar;C:\Users\NEELA\.m2\repository\org\testng\testng\7.0.0\testng-7.0.0.jar;C:\Users\NEELA\.m2\repository\com\beust\jcommander\1.72\jcommander-1.72.jar;C:\Users\NEELA\.m2\repository\com\googlecode\json-simple\json-simple\1.1.1\json-simple-1.1.1.jar;C:\Users\NEELA\.m2\repository\junit\junit\4.10\junit-4.10.jar;C:\Users\NEELA\.m2\repository\org\hamcrest\hamcrest-core\1.1\hamcrest-core-1.1.jar;C:\Users\NEELA\.m2\repository\org\apache\poi\poi\4.1.0\poi-4.1.0.jar;C:\Users\NEELA\.m2\repository\commons-codec\commons-codec\1.12\commons-codec-1.12.jar;C:\Users\NEELA\.m2\repository\org\apache\commons\commons-collections4\4.3\commons-collections4-4.3.jar;C:\Users\NEELA\.m2\repository\org\apache\commons\commons-math3\3.6.1\commons-math3-3.6.1.jar;C:\Users\NEELA\.m2\repository\org\apache\poi\poi-ooxml\4.1.0\poi-ooxml-4.1.0.jar;C:\Users\NEELA\.m2\repository\org\apache\poi\poi-ooxml-schemas\4.1.0\poi-ooxml-schemas-4.1.0.jar;C:\Users\NEELA\.m2\repository\org\apache\xmlbeans\xmlbeans\3.1.0\xmlbeans-3.1.0.jar;C:\Users\NEELA\.m2\repository\org\apache\commons\commons-compress\1.18\commons-compress-1.18.jar;C:\Users\NEELA\.m2\repository\com\github\virtuald\curvesapi\1.06\curvesapi-1.06.jar;C:\Users\NEELA\.m2\repository\log4j\log4j\1.2.17\log4j-1.2.17.jar;C:\Users\NEELA\.m2\repository\com\fasterxml\jackson\core\jackson-core\2.10.0\jackson-core-2.10.0.jar;C:\Users\NEELA\.m2\repository\org\seleniumhq\selenium\selenium-server\3.141.59\selenium-server-3.141.59.jar;C:\Users\NEELA\.m2\repository\org\seleniumhq\selenium\selenium-api\3.141.59\selenium-api-3.141.59.jar;C:\Users\NEELA\.m2\repository\org\seleniumhq\selenium\selenium-chrome-driver\3.141.59\selenium-chrome-driver-3.141.59.jar;C:\Users\NEELA\.m2\repository\org\seleniumhq\selenium\selenium-edge-driver\3.141.59\selenium-edge-driver-3.141.59.jar;C:\Users\NEELA\.m2\repository\org\seleniumhq\selenium\selenium-firefox-driver\3.141.59\selenium-firefox-driver-3.141.59.jar;C:\Users\NEELA\.m2\repository\org\seleniumhq\selenium\selenium-ie-driver\3.141.59\selenium-ie-driver-3.141.59.jar;C:\Users\NEELA\.m2\repository\org\seleniumhq\selenium\selenium-opera-driver\3.141.59\selenium-opera-driver-3.141.59.jar;C:\Users\NEELA\.m2\repository\org\seleniumhq\selenium\selenium-remote-driver\3.141.59\selenium-remote-driver-3.141.59.jar;C:\Users\NEELA\.m2\repository\org\seleniumhq\selenium\selenium-safari-driver\3.141.59\selenium-safari-driver-3.141.59.jar;C:\Users\NEELA\.m2\repository\org\seleniumhq\selenium\selenium-support\3.141.59\selenium-support-3.141.59.jar;C:\Users\NEELA\.m2\repository\net\bytebuddy\byte-buddy\1.8.15\byte-buddy-1.8.15.jar;C:\Users\NEELA\.m2\repository\org\apache\commons\commons-exec\1.3\commons-exec-1.3.jar;C:\Users\NEELA\.m2\repository\com\google\guava\guava\25.0-jre\guava-25.0-jre.jar;C:\Users\NEELA\.m2\repository\com\google\code\findbugs\jsr305\1.3.9\jsr305-1.3.9.jar;C:\Users\NEELA\.m2\repository\org\checkerframework\checker-compat-qual\2.0.0\checker-compat-qual-2.0.0.jar;C:\Users\NEELA\.m2\repository\com\google\errorprone\error_prone_annotations\2.1.3\error_prone_annotations-2.1.3.jar;C:\Users\NEELA\.m2\repository\com\google\j2objc\j2objc-annotations\1.1\j2objc-annotations-1.1.jar;C:\Users\NEELA\.m2\repository\org\codehaus\mojo\animal-sniffer-annotations\1.14\animal-sniffer-annotations-1.14.jar;C:\Users\NEELA\.m2\repository\net\jcip\jcip-annotations\1.0\jcip-annotations-1.0.jar;C:\Users\NEELA\.m2\repository\org\seleniumhq\selenium\jetty-repacked\9.4.12.v20180830\jetty-repacked-9.4.12.v20180830.jar;C:\Users\NEELA\.m2\repository\com\squareup\okhttp3\okhttp\3.11.0\okhttp-3.11.0.jar;C:\Users\NEELA\.m2\repository\com\squareup\okio\okio\1.14.0\okio-1.14.0.jar;C:\Users\NEELA\.m2\repository\javax\servlet\javax.servlet-api\3.1.0\javax.servlet-api-3.1.0.jar;C:\Users\NEELA\.m2\repository\org\yaml\snakeyaml\1.19\snakeyaml-1.19.jar;C:\Users\NEELA\.m2\repository\org\seleniumhq\selenium\selenium-java\3.141.59\selenium-java-3.141.59.jar;C:\Users\NEELA\.m2\repository\info\cukes\cucumber-java\1.2.2\cucumber-java-1.2.2.jar;C:\Users\NEELA\.m2\repository\info\cukes\cucumber-core\1.2.2\cucumber-core-1.2.2.jar;C:\Users\NEELA\.m2\repository\info\cukes\cucumber-html\0.2.3\cucumber-html-0.2.3.jar;C:\Users\NEELA\.m2\repository\info\cukes\gherkin\2.12.2\gherkin-2.12.2.jar;C:\Users\NEELA\.m2\repository\net\masterthought\cucumber-reporting\4.7.0\cucumber-reporting-4.7.0.jar;C:\Users\NEELA\.m2\repository\org\apache\velocity\velocity\1.7\velocity-1.7.jar;C:\Users\NEELA\.m2\repository\commons-collections\commons-collections\3.2.1\commons-collections-3.2.1.jar;C:\Users\NEELA\.m2\repository\commons-lang\commons-lang\2.4\commons-lang-2.4.jar;C:\Users\NEELA\.m2\repository\velocity-tools\velocity-tools\1.4\velocity-tools-1.4.jar;C:\Users\NEELA\.m2\repository\joda-time\joda-time\2.10.1\joda-time-2.10.1.jar;C:\Users\NEELA\.m2\repository\org\apache\commons\commons-lang3\3.8.1\commons-lang3-3.8.1.jar;C:\Users\NEELA\.m2\repository\commons-io\commons-io\2.6\commons-io-2.6.jar;C:\Users\NEELA\.m2\repository\org\codehaus\plexus\plexus-utils\3.1.1\plexus-utils-3.1.1.jar;C:\Users\NEELA\.m2\repository\org\jsoup\jsoup\1.11.3\jsoup-1.11.3.jar;C:\Users\NEELA\.m2\repository\com\googlecode\owasp-java-html-sanitizer\owasp-java-html-sanitizer\20190325.1\owasp-java-html-sanitizer-20190325.1.jar;C:\Users\NEELA\.m2\repository\commons-configuration\commons-configuration\1.10\commons-configuration-1.10.jar;C:\Users\NEELA\.m2\repository\info\cukes\cucumber-testng\1.2.5\cucumber-testng-1.2.5.jar;C:\Users\NEELA\.m2\repository\info\cukes\cucumber-jvm-deps\1.0.3\cucumber-jvm-deps-1.0.3.jar;C:\Users\NEELA\.m2\repository\io\qameta\allure\allure-testng\2.12.0\allure-testng-2.12.0.jar;C:\Users\NEELA\.m2\repository\io\qameta\allure\allure-java-commons\2.12.0\allure-java-commons-2.12.0.jar;C:\Users\NEELA\.m2\repository\io\qameta\allure\allure-model\2.12.0\allure-model-2.12.0.jar;C:\Users\NEELA\.m2\repository\org\slf4j\slf4j-api\1.7.25\slf4j-api-1.7.25.jar;C:\Users\NEELA\.m2\repository\org\apache\tika\tika-core\1.20\tika-core-1.20.jar;C:\Users\NEELA\.m2\repository\org\jooq\joor-java-8\0.9.10\joor-java-8-0.9.10.jar;C:\Users\NEELA\.m2\repository\com\fasterxml\jackson\core\jackson-databind\2.10.0\jackson-databind-2.10.0.jar;C:\Users\NEELA\.m2\repository\com\fasterxml\jackson\core\jackson-annotations\2.10.0\jackson-annotations-2.10.0.jar;C:\Users\NEELA\.m2\repository\com\aventstack\extentreports\4.0.9\extentreports-4.0.9.jar;C:\Users\NEELA\.m2\repository\org\freemarker\freemarker\2.3.23\freemarker-2.3.23.jar;C:\Users\NEELA\.m2\repository\org\mongodb\mongodb-driver\3.3.0\mongodb-driver-3.3.0.jar;C:\Users\NEELA\.m2\repository\org\mongodb\mongodb-driver-core\3.3.0\mongodb-driver-core-3.3.0.jar;C:\Users\NEELA\.m2\repository\org\mongodb\bson\3.3.0\bson-3.3.0.jar;C:\Users\NEELA\.m2\repository\com\google\code\gson\gson\2.8.5\gson-2.8.5.jar;C:\Users\NEELA\.m2\repository\org\apache\maven\surefire\surefire-testng-utils\2.22.0\surefire-testng-utils-2.22.0.jar;C:\Users\NEELA\.m2\repository\org\apache\maven\surefire\surefire-grouper\2.22.0\surefire-grouper-2.22.0.jar;"/>
    <property name="java.vm.vendor" value="Oracle Corporation"/>
    <property name="sun.arch.data.model" value="64"/>
    <property name="user.variant" value=""/>
    <property name="java.vendor.url" value="http://java.oracle.com/"/>
    <property name="user.timezone" value="Asia/Calcutta"/>
    <property name="java.vm.specification.version" value="11"/>
    <property name="os.name" value="Windows 10"/>
    <property name="sun.java.launcher" value="SUN_STANDARD"/>
    <property name="user.country" value="IN"/>
    <property name="sun.boot.library.path" value="C:\Program Files\Java\jdk-11.0.2\bin"/>
    <property name="sun.java.command" value="C:\Users\NEELA\AppData\Local\Temp\surefire12981495056159604390\surefirebooter7424987686412991363.jar C:\Users\NEELA\AppData\Local\Temp\surefire12981495056159604390 2019-12-08T21-46-24_384-jvmRun1 surefire5346206975794978182tmp surefire_012043783413203309378tmp"/>
    <property name="jdk.debug" value="release"/>
    <property name="surefire.test.class.path" value="C:\Users\NEELA\OneDrive\Desktop\HOMETASKS\movieBookingTesting\target\test-classes;C:\Users\NEELA\OneDrive\Desktop\HOMETASKS\movieBookingTesting\target\classes;C:\Users\NEELA\.m2\repository\io\rest-assured\rest-assured\4.1.1\rest-assured-4.1.1.jar;C:\Users\NEELA\.m2\repository\org\codehaus\groovy\groovy\2.5.6\groovy-2.5.6.jar;C:\Users\NEELA\.m2\repository\org\codehaus\groovy\groovy-xml\2.5.6\groovy-xml-2.5.6.jar;C:\Users\NEELA\.m2\repository\org\apache\httpcomponents\httpclient\4.5.3\httpclient-4.5.3.jar;C:\Users\NEELA\.m2\repository\org\apache\httpcomponents\httpcore\4.4.6\httpcore-4.4.6.jar;C:\Users\NEELA\.m2\repository\commons-logging\commons-logging\1.2\commons-logging-1.2.jar;C:\Users\NEELA\.m2\repository\org\apache\httpcomponents\httpmime\4.5.3\httpmime-4.5.3.jar;C:\Users\NEELA\.m2\repository\org\hamcrest\hamcrest\2.1\hamcrest-2.1.jar;C:\Users\NEELA\.m2\repository\org\ccil\cowan\tagsoup\tagsoup\1.2.1\tagsoup-1.2.1.jar;C:\Users\NEELA\.m2\repository\io\rest-assured\json-path\4.1.1\json-path-4.1.1.jar;C:\Users\NEELA\.m2\repository\org\codehaus\groovy\groovy-json\2.5.6\groovy-json-2.5.6.jar;C:\Users\NEELA\.m2\repository\io\rest-assured\rest-assured-common\4.1.1\rest-assured-common-4.1.1.jar;C:\Users\NEELA\.m2\repository\io\rest-assured\xml-path\4.1.1\xml-path-4.1.1.jar;C:\Users\NEELA\.m2\repository\javax\xml\bind\jaxb-api\2.3.1\jaxb-api-2.3.1.jar;C:\Users\NEELA\.m2\repository\javax\activation\javax.activation-api\1.2.0\javax.activation-api-1.2.0.jar;C:\Users\NEELA\.m2\repository\com\sun\xml\bind\jaxb-osgi\2.3.0.1\jaxb-osgi-2.3.0.1.jar;C:\Users\NEELA\.m2\repository\org\apache\sling\org.apache.sling.javax.activation\0.1.0\org.apache.sling.javax.activation-0.1.0.jar;C:\Users\NEELA\.m2\repository\javax\activation\activation\1.1.1\activation-1.1.1.jar;C:\Users\NEELA\.m2\repository\org\testng\testng\7.0.0\testng-7.0.0.jar;C:\Users\NEELA\.m2\repository\com\beust\jcommander\1.72\jcommander-1.72.jar;C:\Users\NEELA\.m2\repository\com\googlecode\json-simple\json-simple\1.1.1\json-simple-1.1.1.jar;C:\Users\NEELA\.m2\repository\junit\junit\4.10\junit-4.10.jar;C:\Users\NEELA\.m2\repository\org\hamcrest\hamcrest-core\1.1\hamcrest-core-1.1.jar;C:\Users\NEELA\.m2\repository\org\apache\poi\poi\4.1.0\poi-4.1.0.jar;C:\Users\NEELA\.m2\repository\commons-codec\commons-codec\1.12\commons-codec-1.12.jar;C:\Users\NEELA\.m2\repository\org\apache\commons\commons-collections4\4.3\commons-collections4-4.3.jar;C:\Users\NEELA\.m2\repository\org\apache\commons\commons-math3\3.6.1\commons-math3-3.6.1.jar;C:\Users\NEELA\.m2\repository\org\apache\poi\poi-ooxml\4.1.0\poi-ooxml-4.1.0.jar;C:\Users\NEELA\.m2\repository\org\apache\poi\poi-ooxml-schemas\4.1.0\poi-ooxml-schemas-4.1.0.jar;C:\Users\NEELA\.m2\repository\org\apache\xmlbeans\xmlbeans\3.1.0\xmlbeans-3.1.0.jar;C:\Users\NEELA\.m2\repository\org\apache\commons\commons-compress\1.18\commons-compress-1.18.jar;C:\Users\NEELA\.m2\repository\com\github\virtuald\curvesapi\1.06\curvesapi-1.06.jar;C:\Users\NEELA\.m2\repository\log4j\log4j\1.2.17\log4j-1.2.17.jar;C:\Users\NEELA\.m2\repository\com\fasterxml\jackson\core\jackson-core\2.10.0\jackson-core-2.10.0.jar;C:\Users\NEELA\.m2\repository\org\seleniumhq\selenium\selenium-server\3.141.59\selenium-server-3.141.59.jar;C:\Users\NEELA\.m2\repository\org\seleniumhq\selenium\selenium-api\3.141.59\selenium-api-3.141.59.jar;C:\Users\NEELA\.m2\repository\org\seleniumhq\selenium\selenium-chrome-driver\3.141.59\selenium-chrome-driver-3.141.59.jar;C:\Users\NEELA\.m2\repository\org\seleniumhq\selenium\selenium-edge-driver\3.141.59\selenium-edge-driver-3.141.59.jar;C:\Users\NEELA\.m2\repository\org\seleniumhq\selenium\selenium-firefox-driver\3.141.59\selenium-firefox-driver-3.141.59.jar;C:\Users\NEELA\.m2\repository\org\seleniumhq\selenium\selenium-ie-driver\3.141.59\selenium-ie-driver-3.141.59.jar;C:\Users\NEELA\.m2\repository\org\seleniumhq\selenium\selenium-opera-driver\3.141.59\selenium-opera-driver-3.141.59.jar;C:\Users\NEELA\.m2\repository\org\seleniumhq\selenium\selenium-remote-driver\3.141.59\selenium-remote-driver-3.141.59.jar;C:\Users\NEELA\.m2\repository\org\seleniumhq\selenium\selenium-safari-driver\3.141.59\selenium-safari-driver-3.141.59.jar;C:\Users\NEELA\.m2\repository\org\seleniumhq\selenium\selenium-support\3.141.59\selenium-support-3.141.59.jar;C:\Users\NEELA\.m2\repository\net\bytebuddy\byte-buddy\1.8.15\byte-buddy-1.8.15.jar;C:\Users\NEELA\.m2\repository\org\apache\commons\commons-exec\1.3\commons-exec-1.3.jar;C:\Users\NEELA\.m2\repository\com\google\guava\guava\25.0-jre\guava-25.0-jre.jar;C:\Users\NEELA\.m2\repository\com\google\code\findbugs\jsr305\1.3.9\jsr305-1.3.9.jar;C:\Users\NEELA\.m2\repository\org\checkerframework\checker-compat-qual\2.0.0\checker-compat-qual-2.0.0.jar;C:\Users\NEELA\.m2\repository\com\google\errorprone\error_prone_annotations\2.1.3\error_prone_annotations-2.1.3.jar;C:\Users\NEELA\.m2\repository\com\google\j2objc\j2objc-annotations\1.1\j2objc-annotations-1.1.jar;C:\Users\NEELA\.m2\repository\org\codehaus\mojo\animal-sniffer-annotations\1.14\animal-sniffer-annotations-1.14.jar;C:\Users\NEELA\.m2\repository\net\jcip\jcip-annotations\1.0\jcip-annotations-1.0.jar;C:\Users\NEELA\.m2\repository\org\seleniumhq\selenium\jetty-repacked\9.4.12.v20180830\jetty-repacked-9.4.12.v20180830.jar;C:\Users\NEELA\.m2\repository\com\squareup\okhttp3\okhttp\3.11.0\okhttp-3.11.0.jar;C:\Users\NEELA\.m2\repository\com\squareup\okio\okio\1.14.0\okio-1.14.0.jar;C:\Users\NEELA\.m2\repository\javax\servlet\javax.servlet-api\3.1.0\javax.servlet-api-3.1.0.jar;C:\Users\NEELA\.m2\repository\org\yaml\snakeyaml\1.19\snakeyaml-1.19.jar;C:\Users\NEELA\.m2\repository\org\seleniumhq\selenium\selenium-java\3.141.59\selenium-java-3.141.59.jar;C:\Users\NEELA\.m2\repository\info\cukes\cucumber-java\1.2.2\cucumber-java-1.2.2.jar;C:\Users\NEELA\.m2\repository\info\cukes\cucumber-core\1.2.2\cucumber-core-1.2.2.jar;C:\Users\NEELA\.m2\repository\info\cukes\cucumber-html\0.2.3\cucumber-html-0.2.3.jar;C:\Users\NEELA\.m2\repository\info\cukes\gherkin\2.12.2\gherkin-2.12.2.jar;C:\Users\NEELA\.m2\repository\net\masterthought\cucumber-reporting\4.7.0\cucumber-reporting-4.7.0.jar;C:\Users\NEELA\.m2\repository\org\apache\velocity\velocity\1.7\velocity-1.7.jar;C:\Users\NEELA\.m2\repository\commons-collections\commons-collections\3.2.1\commons-collections-3.2.1.jar;C:\Users\NEELA\.m2\repository\commons-lang\commons-lang\2.4\commons-lang-2.4.jar;C:\Users\NEELA\.m2\repository\velocity-tools\velocity-tools\1.4\velocity-tools-1.4.jar;C:\Users\NEELA\.m2\repository\joda-time\joda-time\2.10.1\joda-time-2.10.1.jar;C:\Users\NEELA\.m2\repository\org\apache\commons\commons-lang3\3.8.1\commons-lang3-3.8.1.jar;C:\Users\NEELA\.m2\repository\commons-io\commons-io\2.6\commons-io-2.6.jar;C:\Users\NEELA\.m2\repository\org\codehaus\plexus\plexus-utils\3.1.1\plexus-utils-3.1.1.jar;C:\Users\NEELA\.m2\repository\org\jsoup\jsoup\1.11.3\jsoup-1.11.3.jar;C:\Users\NEELA\.m2\repository\com\googlecode\owasp-java-html-sanitizer\owasp-java-html-sanitizer\20190325.1\owasp-java-html-sanitizer-20190325.1.jar;C:\Users\NEELA\.m2\repository\commons-configuration\commons-configuration\1.10\commons-configuration-1.10.jar;C:\Users\NEELA\.m2\repository\info\cukes\cucumber-testng\1.2.5\cucumber-testng-1.2.5.jar;C:\Users\NEELA\.m2\repository\info\cukes\cucumber-jvm-deps\1.0.3\cucumber-jvm-deps-1.0.3.jar;C:\Users\NEELA\.m2\repository\io\qameta\allure\allure-testng\2.12.0\allure-testng-2.12.0.jar;C:\Users\NEELA\.m2\repository\io\qameta\allure\allure-java-commons\2.12.0\allure-java-commons-2.12.0.jar;C:\Users\NEELA\.m2\repository\io\qameta\allure\allure-model\2.12.0\allure-model-2.12.0.jar;C:\Users\NEELA\.m2\repository\org\slf4j\slf4j-api\1.7.25\slf4j-api-1.7.25.jar;C:\Users\NEELA\.m2\repository\org\apache\tika\tika-core\1.20\tika-core-1.20.jar;C:\Users\NEELA\.m2\repository\org\jooq\joor-java-8\0.9.10\joor-java-8-0.9.10.jar;C:\Users\NEELA\.m2\repository\com\fasterxml\jackson\core\jackson-databind\2.10.0\jackson-databind-2.10.0.jar;C:\Users\NEELA\.m2\repository\com\fasterxml\jackson\core\jackson-annotations\2.10.0\jackson-annotations-2.10.0.jar;C:\Users\NEELA\.m2\repository\com\aventstack\extentreports\4.0.9\extentreports-4.0.9.jar;C:\Users\NEELA\.m2\repository\org\freemarker\freemarker\2.3.23\freemarker-2.3.23.jar;C:\Users\NEELA\.m2\repository\org\mongodb\mongodb-driver\3.3.0\mongodb-driver-3.3.0.jar;C:\Users\NEELA\.m2\repository\org\mongodb\mongodb-driver-core\3.3.0\mongodb-driver-core-3.3.0.jar;C:\Users\NEELA\.m2\repository\org\mongodb\bson\3.3.0\bson-3.3.0.jar;C:\Users\NEELA\.m2\repository\com\google\code\gson\gson\2.8.5\gson-2.8.5.jar;C:\Users\NEELA\.m2\repository\org\apache\maven\surefire\surefire-testng-utils\2.22.0\surefire-testng-utils-2.22.0.jar;C:\Users\NEELA\.m2\repository\org\apache\maven\surefire\surefire-grouper\2.22.0\surefire-grouper-2.22.0.jar;"/>
    <property name="sun.cpu.endian" value="little"/>
    <property name="user.home" value="C:\Users\NEELA"/>
    <property name="user.language" value="en"/>
    <property name="java.specification.vendor" value="Oracle Corporation"/>
    <property name="java.version.date" value="2019-01-15"/>
    <property name="java.home" value="C:\Program Files\Java\jdk-11.0.2"/>
    <property name="file.separator" value="\"/>
    <property name="basedir" value="C:\Users\NEELA\OneDrive\Desktop\HOMETASKS\movieBookingTesting"/>
    <property name="java.vm.compressedOopsMode" value="Zero based"/>
    <property name="line.separator" value="&#10;"/>
    <property name="java.specification.name" value="Java Platform API Specification"/>
    <property name="java.vm.specification.vendor" value="Oracle Corporation"/>
    <property name="java.awt.graphicsenv" value="sun.awt.Win32GraphicsEnvironment"/>
    <property name="surefire.real.class.path" value="C:\Users\NEELA\AppData\Local\Temp\surefire12981495056159604390\surefirebooter7424987686412991363.jar"/>
    <property name="user.script" value=""/>
    <property name="sun.management.compiler" value="HotSpot 64-Bit Tiered Compilers"/>
    <property name="java.runtime.version" value="11.0.2+9-LTS"/>
    <property name="user.name" value="NEELA"/>
    <property name="path.separator" value=";"/>
    <property name="os.version" value="10.0"/>
    <property name="java.runtime.name" value="Java(TM) SE Runtime Environment"/>
    <property name="file.encoding" value="Cp1252"/>
    <property name="java.vm.name" value="Java HotSpot(TM) 64-Bit Server VM"/>
    <property name="java.vendor.version" value="18.9"/>
    <property name="localRepository" value="C:\Users\NEELA\.m2\repository"/>
    <property name="java.vendor.url.bug" value="http://bugreport.java.com/bugreport/"/>
    <property name="java.io.tmpdir" value="C:\Users\NEELA\AppData\Local\Temp\"/>
    <property name="java.version" value="11.0.2"/>
    <property name="user.dir" value="C:\Users\NEELA\OneDrive\Desktop\HOMETASKS\movieBookingTesting"/>
    <property name="os.arch" value="amd64"/>
    <property name="java.vm.specification.name" value="Java Virtual Machine Specification"/>
    <property name="java.awt.printerjob" value="sun.awt.windows.WPrinterJob"/>
    <property name="sun.os.patch.level" value=""/>
    <property name="java.library.path" value="C:\Program Files\Java\jdk-11.0.2\bin;C:\WINDOWS\Sun\Java\bin;C:\WINDOWS\system32;C:\WINDOWS;C:/Program Files/Java/jre1.8.0_202/bin/server;C:/Program Files/Java/jre1.8.0_202/bin;C:/Program Files/Java/jre1.8.0_202/lib/amd64;G:\DB_Home\bin;C:\Program Files (x86)\Common Files\Oracle\Java\javapath;C:\ProgramData\Anaconda3;C:\ProgramData\Anaconda3\Library\mingw-w64\bin;C:\ProgramData\Anaconda3\Library\usr\bin;C:\ProgramData\Anaconda3\Library\bin;C:\ProgramData\Anaconda3\Scripts;C:\Program Files (x86)\Intel\iCLS Client\;C:\Program Files\Intel\iCLS Client\;C:\windows\system32;C:\windows;C:\windows\System32\Wbem;C:\windows\System32\WindowsPowerShell\v1.0\;C:\Program Files (x86)\Intel\Intel(R) Management Engine Components\DAL;C:\Program Files\Intel\Intel(R) Management Engine Components\DAL;C:\Program Files (x86)\Intel\Intel(R) Management Engine Components\IPT;C:\Program Files\Intel\Intel(R) Management Engine Components\IPT;C:\Program Files (x86)\NVIDIA Corporation\PhysX\Common;C:\WINDOWS\system32;C:\WINDOWS;C:\WINDOWS\System32\Wbem;C:\WINDOWS\System32\WindowsPowerShell\v1.0\;C:\WINDOWS\System32\OpenSSH\;C:\Program Files\Intel\WiFi\bin\;C:\Program Files\Common Files\Intel\WirelessCommon\;D:\github\Git\cmd;C:\Program Files\Java\jdk1.8.0_202\bin;D:\Drivers;C:\apache-maven-3.6.2\bin;C:\Program Files\MySQL\MySQL Shell 8.0\bin\;C:\Users\NEELA\AppData\Local\Programs\Python\Python37\Scripts\;C:\Users\NEELA\AppData\Local\Programs\Python\Python37\;C:\Users\NEELA\AppData\Local\Microsoft\WindowsApps;C:\Program Files\JetBrains\PyCharm Community Edition 2019.1.3\bin;;C:\Users\NEELA\AppData\Local\Programs\Microsoft VS Code\bin;C:\Program Files\Java\jdk1.8.0_202\bin;;C:\eclipse;;."/>
    <property name="java.vendor" value="Oracle Corporation"/>
    <property name="java.vm.info" value="mixed mode"/>
    <property name="java.vm.version" value="11.0.2+9-LTS"/>
    <property name="sun.io.unicode.encoding" value="UnicodeLittle"/>
    <property name="java.class.version" value="55.0"/>
  </properties>
  <testcase name="get" classname="testcases.TC005_Auth" time="0.081"/>
  <testcase name="CheckResponseBody" classname="testcases.TC002_Get_Single_Employee_Data" time="0">
    <skipped message="expected [true] but found [false]"/>
  </testcase>
  <testcase name="CheckResponseBody" classname="testcases.TC002_Get_Single_Employee_Data" time="0">
    <skipped message="expected [true] but found [false]"/>
    <system-out><![CDATA[I am in onTestSkipped method CheckResponseBody skipped
I am in onTestStart method CheckResponseBody start
I am in onTestStart method CheckResponseBody start
[TestNG-test=Test-2] INFO  RestAssured  - ******checking Response Body**************
[TestNG-test=Test-2] INFO  RestAssured  - Response Body===>{
    "FaultId": "OPERATION_SUCCESS",
    "Fault": "Operation completed successfully",
    "Username:Password": "ToolsQA:TestPassword",
    "Authentication Type": "Basic"
}
I am in onTestSkipped method CheckResponseBody skipped
]]></system-out>
  </testcase>
  <testcase name="CheckResponseBody" classname="testcases.TC002_Get_Single_Employee_Data" time="0">
    <skipped message="expected [true] but found [false]"/>
    <system-out><![CDATA[I am in onTestSuccess method CheckResponseTime succeed
I am in onTestSkipped method CheckResponseBody skipped
I am in onTestStart method CheckResponseBody start
I am in onTestStart method CheckResponseBody start
[TestNG-test=Test-2] INFO  RestAssured  - ******checking Response Body**************
[TestNG-test=Test-2] INFO  RestAssured  - Response Body===>{
    "FaultId": "OPERATION_SUCCESS",
    "Fault": "Operation completed successfully",
    "Username:Password": "ToolsQA:TestPassword",
    "Authentication Type": "Basic"
}
I am in onTestSkipped method CheckResponseBody skipped
]]></system-out>
  </testcase>
  <testcase name="CheckResponseBody" classname="testcases.TC002_Get_Single_Employee_Data" time="0.014">
    <failure message="expected [true] but found [false]" type="java.lang.AssertionError">java.lang.AssertionError: expected [true] but found [false]
	at testcases.TC002_Get_Single_Employee_Data.CheckResponseBody(TC002_Get_Single_Employee_Data.java:26)
</failure>
    <system-out><![CDATA[I am in onTestSuccess method get succeed
I am in onTestSuccess method CheckStatusCode succeed
I am in onTestSkipped method CheckResponseBody skipped
I am in onTestStart method CheckResponseBody start
I am in onTestStart method CheckResponseBody start
[TestNG-test=Test-2] INFO  RestAssured  - ******checking Response Body**************
[TestNG-test=Test-2] INFO  RestAssured  - Response Body===>{
    "FaultId": "OPERATION_SUCCESS",
    "Fault": "Operation completed successfully",
    "Username:Password": "ToolsQA:TestPassword",
    "Authentication Type": "Basic"
}
I am in onTestFailure method CheckResponseBody failed
]]></system-out>
  </testcase>
  <testcase name="CheckStatusCode" classname="testcases.TC002_Get_Single_Employee_Data" time="0.105"/>
  <testcase name="CheckResponseTime" classname="testcases.TC002_Get_Single_Employee_Data" time="0.107"/>
  <testcase name="postEmployee" classname="testcases.TC003_Post_Employee_Record" time="0.766"/>
  <testcase name="postEmployee" classname="testcases.TC003_Post_Employee_Record" time="0.864"/>
  <testcase name="postEmployee" classname="testcases.TC003_Post_Employee_Record" time="0.68"/>
  <testcase name="postEmployee" classname="testcases.TC003_Post_Employee_Record" time="0.426"/>
  <testcase name="postEmployee" classname="testcases.TC003_Post_Employee_Record" time="0.923"/>
  <testcase name="postEmployee" classname="testcases.TC003_Post_Employee_Record" time="0.974"/>
  <testcase name="CheckResponseBody" classname="testcases.TC001_Get_All_Employees" time="0.014"/>
  <testcase name="CheckStatusCode" classname="testcases.TC001_Get_All_Employees" time="0.007"/>
  <testcase name="CheckResponseTime" classname="testcases.TC001_Get_All_Employees" time="0.012"/>
  <testcase name="get" classname="testcases.TC003_GET_Header" time="0.298"/>
  <testcase name="UpdateRecords" classname="testcases.TC004_PutEmployee_Record" time="0.347"/>
  <testcase name="UpdateRecords" classname="testcases.TC004_PutEmployee_Record" time="0.612"/>
  <testcase name="CheckResponseBody" classname="testcases.TC006_Delete_Emp_Record" time="0.009"/>
  <testcase name="CheckResponseTime" classname="testcases.TC006_Delete_Emp_Record" time="0.013"/>
  <testcase name="CheckStatusCode" classname="testcases.TC006_Delete_Emp_Record" time="0.013"/>
</testsuite>