<?xml version="1.0" encoding="UTF-8"?>
<!-- Generated by org.testng.reporters.JUnitReportReporter -->
<testsuite hostname="LAPTOP-Q732QR57" failures="0" tests="1" name="testcases.TC003_GET_Header" time="1.245" errors="0" timestamp="2019-12-08T21:52:50 IST" skipped="0">
  <testcase classname="testcases.TC003_GET_Header" name="get" time="1.245"/>
</testsuite> <!-- testcases.TC003_GET_Header -->
