<?xml version="1.0" encoding="UTF-8"?>
<!-- Generated by org.testng.reporters.JUnitReportReporter -->
<testsuite skipped="0" hostname="EPINHYDW0238" name="movieRestServices.TC001_Get_All_Locations" tests="3" failures="0" timestamp="2019-12-13T15:34:19 IST" time="0.030" errors="0">
  <testcase name="CheckResponseBody" time="0.015" classname="movieRestServices.TC001_Get_All_Locations"/>
  <testcase name="CheckResponseTime" time="0.000" classname="movieRestServices.TC001_Get_All_Locations"/>
  <testcase name="CheckStatusCode" time="0.015" classname="movieRestServices.TC001_Get_All_Locations"/>
</testsuite> <!-- movieRestServices.TC001_Get_All_Locations -->
