<?xml version="1.0" encoding="UTF-8"?>
<!-- Generated by org.testng.reporters.JUnitReportReporter -->
<testsuite hostname="LAPTOP-Q732QR57" failures="0" tests="3" name="testcases.TC002_Get_Single_Employee_Data" time="0.030" errors="0" timestamp="2019-12-08T21:52:50 IST" skipped="0">
  <testcase classname="testcases.TC002_Get_Single_Employee_Data" name="CheckResponseBody" time="0.017"/>
  <testcase classname="testcases.TC002_Get_Single_Employee_Data" name="CheckResponseTime" time="0.009"/>
  <testcase classname="testcases.TC002_Get_Single_Employee_Data" name="CheckStatusCode" time="0.004"/>
</testsuite> <!-- testcases.TC002_Get_Single_Employee_Data -->
