<?xml version="1.0" encoding="UTF-8"?>
<!-- Generated by org.testng.reporters.JUnitReportReporter -->
<testsuite skipped="0" hostname="EPINHYDW0238" name="movieRestServices.TC002_Get_All_Movies" tests="3" failures="0" timestamp="2019-12-13T15:34:19 IST" time="0.078" errors="0">
  <testcase name="CheckResponseTime" time="0.003" classname="movieRestServices.TC002_Get_All_Movies"/>
  <testcase name="CheckResponseBody" time="0.072" classname="movieRestServices.TC002_Get_All_Movies"/>
  <testcase name="CheckStatusCode" time="0.003" classname="movieRestServices.TC002_Get_All_Movies"/>
</testsuite> <!-- movieRestServices.TC002_Get_All_Movies -->
