<?xml version="1.0" encoding="UTF-8"?>
<!-- Generated by org.testng.reporters.JUnitReportReporter -->
<testsuite hostname="LAPTOP-Q732QR57" failures="0" tests="6" name="testcases.TC003_Post_Employee_Record" time="5.886" errors="0" timestamp="2019-12-08T21:52:50 IST" skipped="0">
  <testcase classname="testcases.TC003_Post_Employee_Record" name="postEmployee" time="0.963"/>
  <testcase classname="testcases.TC003_Post_Employee_Record" name="postEmployee" time="0.955"/>
  <testcase classname="testcases.TC003_Post_Employee_Record" name="postEmployee" time="0.973"/>
  <testcase classname="testcases.TC003_Post_Employee_Record" name="postEmployee" time="0.930"/>
  <testcase classname="testcases.TC003_Post_Employee_Record" name="postEmployee" time="0.936"/>
  <testcase classname="testcases.TC003_Post_Employee_Record" name="postEmployee" time="1.129"/>
</testsuite> <!-- testcases.TC003_Post_Employee_Record -->
