<?xml version="1.0" encoding="UTF-8"?>
<!-- Generated by org.testng.reporters.JUnitReportReporter -->
<testsuite skipped="2" hostname="LAPTOP-Q732QR57" name="testRunner.TestRunner" tests="4" failures="0" timestamp="2019-12-06T00:37:05 IST" time="134.170" errors="0">
  <testcase name="feature" time="41.250" classname="testRunner.TestRunner">
    <skipped/>
  </testcase> <!-- feature -->
  <testcase name="feature" time="53.768" classname="testRunner.TestRunner"/>
  <testcase name="feature" time="39.144" classname="testRunner.TestRunner">
    <skipped/>
  </testcase> <!-- feature -->
  <testcase name="feature" time="0.008" classname="testRunner.TestRunner"/>
</testsuite> <!-- testRunner.TestRunner -->
