<?xml version="1.0" encoding="UTF-8"?>
<!-- Generated by org.testng.reporters.JUnitReportReporter -->
<testsuite skipped="0" hostname="EPINHYDW0238" name="movieRestServices.TC006_GetDates" tests="3" failures="0" timestamp="2019-12-13T15:34:19 IST" time="0.008" errors="0">
  <testcase name="CheckResponseBody" time="0.003" classname="movieRestServices.TC006_GetDates"/>
  <testcase name="CheckResponseTime" time="0.003" classname="movieRestServices.TC006_GetDates"/>
  <testcase name="CheckStatusCode" time="0.002" classname="movieRestServices.TC006_GetDates"/>
</testsuite> <!-- movieRestServices.TC006_GetDates -->
