<?xml version="1.0" encoding="UTF-8"?>
<!-- Generated by org.testng.reporters.JUnitReportReporter -->
<testsuite skipped="0" hostname="EPINHYDW0238" name="seleniumTasks.Dynamiccontent" tests="1" failures="0" timestamp="2019-11-13T14:46:21 IST" time="35.213" errors="0">
  <testcase name="dynamicLoading" time="35.213" classname="seleniumTasks.Dynamiccontent"/>
</testsuite> <!-- seleniumTasks.Dynamiccontent -->
