<?xml version="1.0" encoding="UTF-8"?>
<!-- Generated by org.testng.reporters.JUnitReportReporter -->
<testsuite hostname="LAPTOP-Q732QR57" failures="0" tests="1" name="seleniumTasks.FramesExample" time="12.173" errors="0" timestamp="2019-11-14T01:42:43 IST" skipped="0">
  <testcase classname="seleniumTasks.FramesExample" name="notification" time="12.173"/>
</testsuite> <!-- seleniumTasks.FramesExample -->
