<?xml version="1.0" encoding="UTF-8"?>
<!-- Generated by org.testng.reporters.JUnitReportReporter -->
<testsuite skipped="0" hostname="EPINHYDW0238" name="seleniumTasks.ChallengingDom" tests="1" failures="0" timestamp="2019-11-13T13:27:40 IST" time="11.862" errors="0">
  <testcase name="dropdown" time="11.862" classname="seleniumTasks.ChallengingDom"/>
</testsuite> <!-- seleniumTasks.ChallengingDom -->
