<?xml version="1.0" encoding="UTF-8"?>
<!-- Generated by org.testng.reporters.JUnitReportReporter -->
<testsuite hostname="LAPTOP-Q732QR57" failures="0" tests="1" name="seleniumTasks.ChallengingDom" time="19.256" errors="0" timestamp="2019-11-12T23:54:42 IST" skipped="0">
  <testcase classname="seleniumTasks.ChallengingDom" name="challengingDom" time="19.256"/>
</testsuite> <!-- seleniumTasks.ChallengingDom -->
