<?xml version="1.0" encoding="UTF-8"?>
<!-- Generated by org.testng.reporters.JUnitReportReporter -->
<testsuite hostname="LAPTOP-Q732QR57" failures="0" tests="1" name="seleniumTasks.Add_remove" time="16.852" errors="0" timestamp="2019-11-12T21:01:03 IST" skipped="0">
  <testcase classname="seleniumTasks.Add_remove" name="addremove" time="16.852"/>
</testsuite> <!-- seleniumTasks.Add_remove -->
