<?xml version="1.0" encoding="UTF-8"?>
<!-- Generated by org.testng.reporters.JUnitReportReporter -->
<testsuite hostname="LAPTOP-Q732QR57" failures="0" tests="3" name="testcases.TC006_Delete_Emp_Record" time="0.012" errors="0" timestamp="2019-12-08T21:46:38 IST" skipped="0">
  <testcase classname="testcases.TC006_Delete_Emp_Record" name="CheckStatusCode" time="0.005"/>
  <testcase classname="testcases.TC006_Delete_Emp_Record" name="CheckResponseBody" time="0.002"/>
  <testcase classname="testcases.TC006_Delete_Emp_Record" name="CheckResponseTime" time="0.005"/>
</testsuite> <!-- testcases.TC006_Delete_Emp_Record -->
