<?xml version="1.0" encoding="UTF-8"?>
<!-- Generated by org.testng.reporters.JUnitReportReporter -->
<testsuite skipped="0" hostname="EPINHYDW0238" name="com.epam.seleniumHomeTask_2.MakeMyTripFactory" tests="1" failures="0" timestamp="2019-11-15T14:56:00 IST" time="38.961" errors="0">
  <testcase name="checkBrokenLinks" time="38.961" classname="com.epam.seleniumHomeTask_2.MakeMyTripFactory"/>
</testsuite> <!-- com.epam.seleniumHomeTask_2.MakeMyTripFactory -->
