<?xml version="1.0" encoding="UTF-8"?>
<!-- Generated by org.testng.reporters.JUnitReportReporter -->
<testsuite skipped="0" hostname="EPINHYDW0238" name="com.epam.makeMytripTests.MakeMyTripFactory" tests="1" failures="0" timestamp="2019-11-19T14:07:53 IST" time="25.402" errors="0">
  <testcase name="moreOptions" time="25.402" classname="com.epam.makeMytripTests.MakeMyTripFactory"/>
</testsuite> <!-- com.epam.makeMytripTests.MakeMyTripFactory -->
