<?xml version="1.0" encoding="UTF-8"?>
<!-- Generated by org.testng.reporters.JUnitReportReporter -->
<testsuite hostname="LAPTOP-Q732QR57" failures="0" tests="3" name="com.epam.makeMytripTests.HomePageFactory" time="161.228" errors="0" timestamp="2019-11-19T21:00:01 IST" skipped="0">
  <testcase classname="com.epam.makeMytripTests.HomePageFactory" name="TestMakeMyTripNavBar" time="35.427"/>
  <testcase classname="com.epam.makeMytripTests.HomePageFactory" name="moreOptions" time="31.096"/>
  <testcase classname="com.epam.makeMytripTests.HomePageFactory" name="checkBrokenLinksInFooter" time="94.705"/>
</testsuite> <!-- com.epam.makeMytripTests.HomePageFactory -->
