<?xml version="1.0" encoding="UTF-8"?>
<!-- Generated by org.testng.reporters.JUnitReportReporter -->
<testsuite hostname="LAPTOP-Q732QR57" failures="0" tests="1" name="com.epam.makeMytripTests.FlightsCheckingFactory" time="33.636" errors="0" timestamp="2019-11-19T21:06:36 IST" skipped="0">
  <testcase classname="com.epam.makeMytripTests.FlightsCheckingFactory" name="checckFlights" time="33.636"/>
</testsuite> <!-- com.epam.makeMytripTests.FlightsCheckingFactory -->
