<?xml version="1.0" encoding="UTF-8"?>
<!-- Generated by org.testng.reporters.JUnitReportReporter -->
<testsuite skipped="0" hostname="LAPTOP-Q732QR57" name="com.epam.makeMytripTests.FlightsCheckingController" tests="1" failures="0" timestamp="2019-12-04T23:31:17 IST" time="54.886" errors="0">
  <testcase name="checckFlights" time="54.886" classname="com.epam.makeMytripTests.FlightsCheckingController"/>
</testsuite> <!-- com.epam.makeMytripTests.FlightsCheckingController -->
