<?xml version="1.0" encoding="UTF-8"?>
<!-- Generated by org.testng.reporters.JUnitReportReporter -->
<testsuite hostname="LAPTOP-Q732QR57" failures="0" tests="1" name="com.epam.makeMytripTests.HomePageController" time="64.057" errors="0" timestamp="2019-11-21T00:48:02 IST" skipped="0">
  <testcase classname="com.epam.makeMytripTests.HomePageController" name="TestMakeMyTripNavBar" time="64.057"/>
</testsuite> <!-- com.epam.makeMytripTests.HomePageController -->
