<?xml version="1.0" encoding="UTF-8"?>
<!-- Generated by org.testng.reporters.JUnitReportReporter -->
<testsuite hostname="LAPTOP-Q732QR57" failures="0" tests="1" name="com.epam.makeMytripTests.FlightsCheckingController" time="83.089" errors="0" timestamp="2019-11-21T01:46:55 IST" skipped="0">
  <testcase classname="com.epam.makeMytripTests.FlightsCheckingController" name="checckFlights" time="83.089"/>
</testsuite> <!-- com.epam.makeMytripTests.FlightsCheckingController -->
