<?xml version="1.0" encoding="UTF-8"?>
<!-- Generated by org.testng.reporters.JUnitReportReporter -->
<testsuite hostname="LAPTOP-Q732QR57" failures="0" tests="1" name="com.epam.apiTesting.PostChecking" time="4.457" errors="0" timestamp="2019-11-07T20:31:41 IST" skipped="0">
  <testcase classname="com.epam.apiTesting.PostChecking" name="postcheck" time="4.457"/>
</testsuite> <!-- com.epam.apiTesting.PostChecking -->
