<?xml version="1.0" encoding="UTF-8"?>
<!-- Generated by org.testng.reporters.JUnitReportReporter -->
<testsuite hostname="LAPTOP-Q732QR57" failures="0" tests="1" name="com.epam.apiTesting.PostMethodJsonToPojo" time="0.314" errors="0" timestamp="2019-11-07T20:22:12 IST" skipped="0">
  <testcase classname="com.epam.apiTesting.PostMethodJsonToPojo" name="pojoCheck" time="0.314"/>
</testsuite> <!-- com.epam.apiTesting.PostMethodJsonToPojo -->
