<?xml version="1.0" encoding="UTF-8"?>
<!-- Generated by org.testng.reporters.JUnitReportReporter -->
<testsuite skipped="0" hostname="LAPTOP-Q732QR57" name="com.epam.apiTesting.PostChecking" tests="1" failures="0" timestamp="2019-12-07T21:30:36 IST" time="6.017" errors="0">
  <testcase name="postcheck" time="6.017" classname="com.epam.apiTesting.PostChecking"/>
</testsuite> <!-- com.epam.apiTesting.PostChecking -->
