<?xml version="1.0" encoding="UTF-8"?>
<!-- Generated by org.testng.reporters.JUnitReportReporter -->
<testsuite skipped="2" hostname="EPINHYDW0238" name="com.epam.apiTesting.GETRequest" tests="3" failures="0" timestamp="2019-11-07T13:01:15 IST" time="2.484" errors="0">
  <testcase name="responseHeader" time="2.484" classname="com.epam.apiTesting.GETRequest"/>
  <testcase name="requesting" classname="com.epam.apiTesting.GETRequest">
    <skipped/>
  </testcase> <!-- requesting -->
  <testcase name="resposeHeader" classname="com.epam.apiTesting.GETRequest">
    <skipped/>
  </testcase> <!-- resposeHeader -->
</testsuite> <!-- com.epam.apiTesting.GETRequest -->
