<?xml version="1.0" encoding="UTF-8"?>
<!-- Generated by org.testng.reporters.JUnitReportReporter -->
<testsuite hostname="LAPTOP-Q732QR57" failures="0" tests="6" name="testcases.TC003_Post_Employee_Record" time="7.523" errors="0" timestamp="2019-12-08T21:46:37 IST" skipped="0">
  <testcase classname="testcases.TC003_Post_Employee_Record" name="postEmployee" time="0.972"/>
  <testcase classname="testcases.TC003_Post_Employee_Record" name="postEmployee" time="1.074"/>
  <testcase classname="testcases.TC003_Post_Employee_Record" name="postEmployee" time="2.576"/>
  <testcase classname="testcases.TC003_Post_Employee_Record" name="postEmployee" time="0.980"/>
  <testcase classname="testcases.TC003_Post_Employee_Record" name="postEmployee" time="0.918"/>
  <testcase classname="testcases.TC003_Post_Employee_Record" name="postEmployee" time="1.003"/>
</testsuite> <!-- testcases.TC003_Post_Employee_Record -->
