<?xml version="1.0" encoding="UTF-8"?>
<!-- Generated by org.testng.reporters.JUnitReportReporter -->
<testsuite hostname="LAPTOP-Q732QR57" failures="0" tests="3" name="testcases.TC001_Get_All_Employees" time="0.038" errors="0" timestamp="2019-12-08T21:46:37 IST" skipped="0">
  <testcase classname="testcases.TC001_Get_All_Employees" name="CheckResponseBody" time="0.020"/>
  <testcase classname="testcases.TC001_Get_All_Employees" name="CheckResponseTime" time="0.010"/>
  <testcase classname="testcases.TC001_Get_All_Employees" name="CheckStatusCode" time="0.008"/>
</testsuite> <!-- testcases.TC001_Get_All_Employees -->
