<?xml version="1.0" encoding="UTF-8"?>
<!-- Generated by org.testng.reporters.JUnitReportReporter -->
<testsuite hostname="LAPTOP-Q732QR57" failures="0" tests="2" name="testcases.TC004_PutEmployee_Record" time="2.226" errors="0" timestamp="2019-12-08T21:46:37 IST" skipped="0">
  <testcase classname="testcases.TC004_PutEmployee_Record" name="UpdateRecords" time="1.033"/>
  <testcase classname="testcases.TC004_PutEmployee_Record" name="UpdateRecords" time="1.193"/>
</testsuite> <!-- testcases.TC004_PutEmployee_Record -->
