<?xml version="1.0" encoding="UTF-8"?>
<!-- Generated by org.testng.reporters.JUnitReportReporter -->
<testsuite hostname="LAPTOP-Q732QR57" failures="0" tests="1" name="testcases.TC005_Auth" time="2.820" errors="0" timestamp="2019-12-08T21:46:37 IST" skipped="0">
  <testcase classname="testcases.TC005_Auth" name="get" time="2.820"/>
</testsuite> <!-- testcases.TC005_Auth -->
